<?xml version="1.0" encoding="UTF-8"?>
<!-- Generated by org.testng.reporters.JUnitReportReporter -->
<testsuite hostname="SANDHYA" failures="0" tests="4" name="TestNGpackage.FirstTestNGpgm" time="0.026" errors="0" timestamp="2024-03-01T23:10:03 IST" skipped="0">
  <testcase classname="TestNGpackage.FirstTestNGpgm" name="test3" time="0.012"/>
  <system-out/>
  <testcase classname="TestNGpackage.FirstTestNGpgm" name="test2" time="0.005"/>
  <system-out/>
  <testcase classname="TestNGpackage.FirstTestNGpgm" name="test2" time="0.004"/>
  <system-out/>
  <testcase classname="TestNGpackage.FirstTestNGpgm" name="test1" time="0.005"/>
  <system-out/>
</testsuite> <!-- TestNGpackage.FirstTestNGpgm -->
