<?xml version="1.0" encoding="UTF-8"?>
<!-- Generated by org.testng.reporters.JUnitReportReporter -->
<testsuite hostname="SANDHYA" failures="0" tests="1" name="TestNGpackage.ActionDragNDrop" time="22.024" errors="0" timestamp="2024-02-19T13:19:41 IST" skipped="0">
  <testcase classname="TestNGpackage.ActionDragNDrop" name="test" time="22.024"/>
  <system-out/>
</testsuite> <!-- TestNGpackage.ActionDragNDrop -->
