<?xml version="1.0" encoding="UTF-8"?>
<!-- Generated by org.testng.reporters.JUnitReportReporter -->
<testsuite hostname="SANDHYA" failures="0" tests="4" name="TestNGpackage.groupingPgm1" time="0.031" errors="0" timestamp="2024-02-15T18:53:39 IST" skipped="0">
  <testcase classname="TestNGpackage.groupingPgm1" name="main2" time="0.018"/>
  <system-out/>
  <testcase classname="TestNGpackage.groupingPgm1" name="main3" time="0.005"/>
  <system-out/>
  <testcase classname="TestNGpackage.groupingPgm1" name="main4" time="0.004"/>
  <system-out/>
  <testcase classname="TestNGpackage.groupingPgm1" name="main5" time="0.004"/>
  <system-out/>
</testsuite> <!-- TestNGpackage.groupingPgm1 -->
