<?xml version="1.0" encoding="UTF-8"?>
<!-- Generated by org.testng.reporters.JUnitReportReporter -->
<testsuite hostname="SANDHYA" failures="0" tests="1" name="TestNGpackage.ActionRediff1" time="8.607" errors="0" timestamp="2024-02-19T12:24:08 IST" skipped="0">
  <testcase classname="TestNGpackage.ActionRediff1" name="test1" time="8.607"/>
  <system-out/>
</testsuite> <!-- TestNGpackage.ActionRediff1 -->
