<?xml version="1.0" encoding="UTF-8"?>
<!-- Generated by org.testng.reporters.JUnitReportReporter -->
<testsuite hostname="SANDHYA" failures="0" tests="1" name="TestNGpackage.AmazonMultWindows" time="22.282" errors="0" timestamp="2024-02-22T13:42:54 IST" skipped="0">
  <testcase classname="TestNGpackage.AmazonMultWindows" name="test" time="22.282"/>
  <system-out/>
</testsuite> <!-- TestNGpackage.AmazonMultWindows -->
