<?xml version="1.0" encoding="UTF-8"?>
<!-- Generated by org.testng.reporters.JUnitReportReporter -->
<testsuite hostname="SANDHYA" failures="0" tests="1" name="TestNGpackage.AmazonMultipleWindw" time="64.044" errors="0" timestamp="2024-02-22T15:36:35 IST" skipped="0">
  <testcase classname="TestNGpackage.AmazonMultipleWindw" name="test" time="64.044"/>
  <system-out/>
</testsuite> <!-- TestNGpackage.AmazonMultipleWindw -->
