<?xml version="1.0" encoding="UTF-8"?>
<!-- Generated by org.testng.reporters.JUnitReportReporter -->
<testsuite hostname="SANDHYA" failures="0" tests="1" name="TestNGpackage.DatadrivenTesting" time="8.702" errors="0" timestamp="2024-02-24T13:15:48 IST" skipped="0">
  <testcase classname="TestNGpackage.DatadrivenTesting" name="test1" time="8.702"/>
  <system-out/>
</testsuite> <!-- TestNGpackage.DatadrivenTesting -->
