<?xml version="1.0" encoding="UTF-8"?>
<!-- Generated by org.testng.reporters.JUnitReportReporter -->
<testsuite hostname="SANDHYA" failures="0" tests="1" name="TestNGpackage.DatePicker" time="1.221" errors="0" timestamp="2024-03-01T23:06:18 IST" skipped="0">
  <testcase classname="TestNGpackage.DatePicker" name="testing" time="1.221"/>
  <system-out/>
</testsuite> <!-- TestNGpackage.DatePicker -->
