<?xml version="1.0" encoding="UTF-8"?>
<!-- Generated by org.testng.reporters.JUnitReportReporter -->
<testsuite hostname="SANDHYA" failures="0" tests="5" name="TestNGpackage.TestNGgrpng" time="0.213" errors="0" timestamp="2024-02-15T12:11:44 IST" skipped="0">
  <testcase classname="TestNGpackage.TestNGgrpng" name="main4" time="0.003"/>
  <system-out/>
  <testcase classname="TestNGpackage.TestNGgrpng" name="main1" time="0.196"/>
  <system-out/>
  <testcase classname="TestNGpackage.TestNGgrpng" name="main2" time="0.005"/>
  <system-out/>
  <testcase classname="TestNGpackage.TestNGgrpng" name="main5" time="0.005"/>
  <system-out/>
  <testcase classname="TestNGpackage.TestNGgrpng" name="main3" time="0.004"/>
  <system-out/>
</testsuite> <!-- TestNGpackage.TestNGgrpng -->
