<?xml version="1.0" encoding="UTF-8"?>
<!-- Generated by org.testng.reporters.JUnitReportReporter -->
<testsuite hostname="SANDHYA" failures="0" tests="1" name="TestNGpackage.FileRobotClasss" time="20.266" errors="0" timestamp="2024-02-23T13:27:45 IST" skipped="0">
  <testcase classname="TestNGpackage.FileRobotClasss" name="test1" time="20.266"/>
  <system-out/>
</testsuite> <!-- TestNGpackage.FileRobotClasss -->
