<?xml version="1.0" encoding="UTF-8"?>
<!-- Generated by org.testng.reporters.JUnitReportReporter -->
<testsuite hostname="SANDHYA" failures="0" tests="1" name="TestNGpackage.FileSendkeys" time="0.440" errors="0" timestamp="2024-02-23T12:45:38 IST" skipped="0">
  <testcase classname="TestNGpackage.FileSendkeys" name="test" time="0.440"/>
  <system-out/>
</testsuite> <!-- TestNGpackage.FileSendkeys -->
