<?xml version="1.0" encoding="UTF-8"?>
<!-- Generated by org.testng.reporters.JUnitReportReporter -->
<testsuite hostname="SANDHYA" failures="0" tests="1" name="TestNGpackage.MutlipleWindows" time="74.163" errors="0" timestamp="2024-02-22T12:54:06 IST" skipped="0">
  <testcase classname="TestNGpackage.MutlipleWindows" name="test" time="74.163"/>
  <system-out/>
</testsuite> <!-- TestNGpackage.MutlipleWindows -->
